-------------------------------------------------------------------------------
Test set: com.project1.project.ProjectApplicationTests
-------------------------------------------------------------------------------
Tests run: 1, Failures: 0, Errors: 1, Skipped: 0, Time elapsed: 0.332 s <<< FAILURE! - in com.project1.project.ProjectApplicationTests
initializationError(com.project1.project.ProjectApplicationTests)  Time elapsed: 0.005 s  <<< ERROR!
java.lang.IllegalStateException: Unable to find a @SpringBootConfiguration, you need to use @ContextConfiguration or @SpringBootTest(classes=...) with your test

